<?xml version="1.0" encoding="UTF-8"?>
<!-- Generated by org.testng.reporters.JUnitReportReporter -->
<testsuite skipped="0" hostname="LAPTOP-PLBTIQVB" name="com.avinash.get.GetUserDetails_GetMethod_Test" tests="2" failures="0" timestamp="06 Mar 2021 05:22:41 GMT" time="348.239" errors="0">
  <testcase name="DemoTest" time="307.807" classname="com.avinash.get.GetUserDetails_GetMethod_Test"/>
  <testcase name="DemoTest" time="40.432" classname="com.avinash.get.GetUserDetails_GetMethod_Test"/>
</testsuite> <!-- com.avinash.get.GetUserDetails_GetMethod_Test -->
