<?xml version="1.0" encoding="UTF-8"?>
<!-- Generated by org.testng.reporters.JUnitReportReporter -->
<testsuite skipped="0" hostname="LAPTOP-PLBTIQVB" name="com.avinash.post.PostMessageTest" tests="1" failures="0" timestamp="28 Feb 2021 16:58:47 GMT" time="1.914" errors="0">
  <testcase name="createUser" time="1.914" classname="com.avinash.post.PostMessageTest"/>
</testsuite> <!-- com.avinash.post.PostMessageTest -->
