<?xml version="1.0" encoding="UTF-8"?>
<!-- Generated by org.testng.reporters.JUnitReportReporter -->
<testsuite skipped="0" hostname="LAPTOP-PLBTIQVB" name="com.avinash.post.CreateNewUser_PostMethod_Test" tests="1" failures="0" timestamp="06 Mar 2021 05:33:06 GMT" time="198.301" errors="0">
  <testcase name="createUser" time="198.301" classname="com.avinash.post.CreateNewUser_PostMethod_Test"/>
</testsuite> <!-- com.avinash.post.CreateNewUser_PostMethod_Test -->
