<?xml version="1.0" encoding="UTF-8"?>
<!-- Generated by org.testng.reporters.JUnitReportReporter -->
<testsuite skipped="0" hostname="LAPTOP-PLBTIQVB" name="com.avinash.post.PostMessage" tests="1" failures="0" timestamp="28 Feb 2021 16:14:03 GMT" time="112.805" errors="0">
  <testcase name="createUser" time="112.805" classname="com.avinash.post.PostMessage"/>
</testsuite> <!-- com.avinash.post.PostMessage -->
